<?xml version="1.0" encoding="UTF-8"?>
<testsuite name="com.hihoall.controller.ForTestTest" time="0.003" tests="1" errors="0" skipped="0" failures="1">
  <properties>
    <property name="idea.version" value="2016.2.5"/>
    <property name="java.runtime.name" value="Java(TM) SE Runtime Environment"/>
    <property name="sun.boot.library.path" value="D:\Java\jdk1.8.0_91\jre\bin"/>
    <property name="java.vm.version" value="25.91-b15"/>
    <property name="java.vm.vendor" value="Oracle Corporation"/>
    <property name="java.vendor.url" value="http://java.oracle.com/"/>
    <property name="path.separator" value=";"/>
    <property name="guice.disable.misplaced.annotation.check" value="true"/>
    <property name="java.vm.name" value="Java HotSpot(TM) 64-Bit Server VM"/>
    <property name="file.encoding.pkg" value="sun.io"/>
    <property name="idea.launcher.port" value="7534"/>
    <property name="user.script" value=""/>
    <property name="user.country" value="RU"/>
    <property name="sun.java.launcher" value="SUN_STANDARD"/>
    <property name="sun.os.patch.level" value="Service Pack 1"/>
    <property name="java.vm.specification.name" value="Java Virtual Machine Specification"/>
    <property name="user.dir" value="K:\SmartGit\webproject"/>
    <property name="java.runtime.version" value="1.8.0_91-b15"/>
    <property name="java.awt.graphicsenv" value="sun.awt.Win32GraphicsEnvironment"/>
    <property name="java.endorsed.dirs" value="D:\Java\jdk1.8.0_91\jre\lib\endorsed"/>
    <property name="os.arch" value="amd64"/>
    <property name="java.io.tmpdir" value="D:\Ctemp\"/>
    <property name="line.separator" value="&#10;"/>
    <property name="java.vm.specification.vendor" value="Oracle Corporation"/>
    <property name="user.variant" value=""/>
    <property name="os.name" value="Windows 7"/>
    <property name="classworlds.conf" value="K:\IntelliJ IDEA Ultimate\plugins\maven\lib\maven3\bin\m2.conf"/>
    <property name="sun.jnu.encoding" value="Cp1251"/>
    <property name="java.library.path" value="D:\Java\jdk1.8.0_91\bin;C:\Windows\Sun\Java\bin;C:\Windows\system32;C:\Windows;C:\ProgramData\Oracle\Java\javapath;C:\Program Files (x86)\NVIDIA Corporation\PhysX\Common;C:\Windows\system32;C:\Windows;C:\Windows\System32\Wbem;C:\Windows\System32\WindowsPowerShell\v1.0\;C:\Program Files (x86)\Windows Kits\8.1\Windows Performance Toolkit\;C:\Program Files\Microsoft SQL Server\110\Tools\Binn\;C:\Program Files (x86)\Skype\Phone\;K:\nodejs\;K:\Brackets\command;C:\Program Files (x86)\Common Files\Acronis\VirtualFile\;C:\Program Files (x86)\Common Files\Acronis\VirtualFile64\;C:\Program Files (x86)\Common Files\Acronis\SnapAPI\;C:\Program Files\MySQL\MySQL Utilities 1.6\;H:\Betfair Poker\data\QT;H:\Betfair Poker\data\OpenSSL;C:\Program Files (x86)\Titan Poker New Client\data\QT;C:\Program Files (x86)\Titan Poker New Client\data\OpenSSL;H:\William Hill Poker\data\QT;H:\William Hill Poker\data\OpenSSL;C:\Program Files (x86)\NetBet Poker\data\QT;C:\Program Files (x86)\NetBet Poker\data\OpenSSL;C:\Users\Brightsunrise\AppData\Local\NetBet Poker\data\QT;C:\Users\Brightsunrise\AppData\Local\NetBet Poker\data\OpenSSL;D:\Mavern\bin;D:\Java\jdk1.8.0_91\bin;C:\Users\Brightsunrise\AppData\Roaming\npm;H:\Betfred Poker\data\QT;H:\Betfred Poker\data\OpenSSL;."/>
    <property name="java.specification.name" value="Java Platform API Specification"/>
    <property name="java.class.version" value="52.0"/>
    <property name="sun.management.compiler" value="HotSpot 64-Bit Tiered Compilers"/>
    <property name="os.version" value="6.1"/>
    <property name="user.home" value="C:\Users\Brightsunrise"/>
    <property name="user.timezone" value="Europe/Moscow"/>
    <property name="java.awt.printerjob" value="sun.awt.windows.WPrinterJob"/>
    <property name="java.specification.version" value="1.8"/>
    <property name="idea.launcher.bin.path" value="K:\IntelliJ IDEA Ultimate\bin"/>
    <property name="file.encoding" value="UTF-8"/>
    <property name="user.name" value="Brightsunrise"/>
    <property name="java.class.path" value="K:\IntelliJ IDEA Ultimate\plugins\maven\lib\maven3\boot\plexus-classworlds-2.4.jar;K:\IntelliJ IDEA Ultimate\lib\idea_rt.jar"/>
    <property name="java.vm.specification.version" value="1.8"/>
    <property name="sun.arch.data.model" value="64"/>
    <property name="java.home" value="D:\Java\jdk1.8.0_91\jre"/>
    <property name="sun.java.command" value="com.intellij.rt.execution.application.AppMain org.codehaus.classworlds.Launcher -Didea.version=2016.2.5 test"/>
    <property name="java.specification.vendor" value="Oracle Corporation"/>
    <property name="user.language" value="ru"/>
    <property name="awt.toolkit" value="sun.awt.windows.WToolkit"/>
    <property name="java.vm.info" value="mixed mode"/>
    <property name="java.version" value="1.8.0_91"/>
    <property name="java.ext.dirs" value="D:\Java\jdk1.8.0_91\jre\lib\ext;C:\Windows\Sun\Java\lib\ext"/>
    <property name="sun.boot.class.path" value="D:\Java\jdk1.8.0_91\jre\lib\resources.jar;D:\Java\jdk1.8.0_91\jre\lib\rt.jar;D:\Java\jdk1.8.0_91\jre\lib\sunrsasign.jar;D:\Java\jdk1.8.0_91\jre\lib\jsse.jar;D:\Java\jdk1.8.0_91\jre\lib\jce.jar;D:\Java\jdk1.8.0_91\jre\lib\charsets.jar;D:\Java\jdk1.8.0_91\jre\lib\jfr.jar;D:\Java\jdk1.8.0_91\jre\classes"/>
    <property name="java.vendor" value="Oracle Corporation"/>
    <property name="maven.home" value="K:\IntelliJ IDEA Ultimate\plugins\maven\lib\maven3"/>
    <property name="file.separator" value="\"/>
    <property name="java.vendor.url.bug" value="http://bugreport.sun.com/bugreport/"/>
    <property name="sun.cpu.endian" value="little"/>
    <property name="sun.io.unicode.encoding" value="UnicodeLittle"/>
    <property name="sun.desktop" value="windows"/>
    <property name="sun.cpu.isalist" value="amd64"/>
  </properties>
  <testcase name="test" classname="com.hihoall.controller.ForTestTest" time="0.003">
    <failure message="expected:&lt;privet[zxcvj]&gt; but was:&lt;privet[]&gt;" type="org.junit.ComparisonFailure"><![CDATA[org.junit.ComparisonFailure: expected:<privet[zxcvj]> but was:<privet[]>
	at org.junit.Assert.assertEquals(Assert.java:115)
	at org.junit.Assert.assertEquals(Assert.java:144)
	at com.hihoall.controller.ForTestTest.test(ForTestTest.java:16)
]]></failure>
  </testcase>
</testsuite>